PRISM 2.2 alpha 1, (C) Sato Lab, Tokyo Institute of Technology, September, 2014
B-Prolog Version 7.8b1, All rights reserved, (C) Afany Software 1994-2012.

This edition of B-Prolog is for evaluation, learning, and non-profit
research purposes only, and a license is needed for any other uses.
Please visit http://www.probp.com/license.htm for the detail.

** Warning: singleton variables (srs.psm, 64-66): Predications
** Warning: singleton variables (srs.psm, 74-79): K
** Warning: Variable _ is treated as global in foreach (99-103).
** Warning: Variable _ is treated as global in foreach (99-103).
** Warning: Variable SaveDir is treated as global in list_comprehension (122-135).
** Warning: singleton variables (srs.psm, 122-135): NEx_a,Rep_a,NPred_a,FileName
** Warning: singleton variables (srs.psm, 149-163): Results
loading::srs.psm.out
Compiling::analyzeNumber.psm
** Warning: singleton variables (analyzeNumber.psm, 1-2): I,Cs
** Warning: singleton variables (analyzeNumber.psm, 17-26): Predictions
** Warning: singleton variables (analyzeNumber.psm, 31-39): Post
** Warning: singleton variables (analyzeNumber.psm, 44-51): A
** Warning: singleton variables (analyzeNumber.psm, 60-60): Rest
compiled in 4 milliseconds
loading::analyzeNumber.psm.out
Compiling::testTrain.psm
** Warning: singleton variables (testTrain.psm, 29-29): Values,Dist
** Warning: singleton variables (testTrain.psm, 34-34): Lo,Hi
** Warning: singleton variables (testTrain.psm, 39-39): P
** Warning: singleton variables (testTrain.psm, 49-49): P,Lo,Hi,W
** Warning: singleton variables (testTrain.psm, 57-58): V
** Warning: singleton variables (testTrain.psm, 60-60): V
compiled in 4 milliseconds
loading::testTrain.psm.out
consulting::allExamples.pl
**********************

Running srs.psm:prism_main with parameters: 
Num Examples: 300
Rep: 10
Num Predicates1
Save In: data/
Now: Fri Oct 17 22:46:31 UTC 2014

**********************

data/runOutput_nEx_300_nPred_1_rep_10
loading::beforeAndAfter_1.sys.psm.out
#goals: 0.........100.......(171)
Exporting switch information to the EM routine ... done
#vbem-iters: 0....(50) (Stopped: -25989.347155934)
Statistics on learning:
        Graph size: 2084466
        Number of switches: 2
        Number of switch instances: 538
        Number of iterations: 50
        Final variational free energy: -25989.347155934
        Total learning time: 22.736 seconds
        Explanation search time: 9.252 seconds
        Total table space used: 181152032 bytes
Type show_sw_a/show_sw_d to show the probability distributions.
Pruned ineffective rules...Done.
Testing Accuracy...Question: after twenty comes ____?
Answer: after twenty comes twenty .

Question: after forty five comes ____?
Answer: after forty five comes forty six .

Question: after forty seven comes ____?
Answer: after forty seven comes forty eight .

Question: after forty nine comes ____?
Answer: after forty nine comes forty eight .

Question: after fifty nine comes ____?
Answer: after fifty nine comes fifty eight .

Question: after sixty one comes ____?
Answer: after sixty one comes sixty .

Question: after sixty three comes ____?
Answer: after sixty three comes sixty four .

Question: after sixty four comes ____?
Answer: after sixty four comes sixty three .

Question: after sixty five comes ____?
Answer: after sixty five comes sixty six .

Question: after sixty nine comes ____?
Answer: after sixty nine comes sixty eight .

Question: after seventy three comes ____?
Answer: after seventy three comes seventy four .

Question: after seventy nine comes ____?
Answer: after seventy nine comes seventy eight .

Question: after ninety five comes ____?
Answer: after ninety five comes ninety six .

Question: before twenty three comes ____?
Answer: before twenty three comes twenty four .

Question: before thirty comes ____?
Answer: before thirty comes thirty .

Question: before thirty eight comes ____?
Answer: before thirty eight comes thirty seven .

Question: before forty one comes ____?
Answer: before forty one comes forty .

Question: before fifty three comes ____?
Answer: before fifty three comes fifty four .

Question: before sixty eight comes ____?
Answer: before sixty eight comes sixty seven .

Question: before seventy two comes ____?
Answer: before seventy two comes seventy three .

Question: before seventy three comes ____?
Answer: before seventy three comes seventy four .

Question: before eighty five comes ____?
Answer: before eighty five comes eighty six .

Question: before ninety two comes ____?
Answer: before ninety two comes ninety three .

Question: before ninety three comes ____?
Answer: before ninety three comes ninety four .

Question: before ninety five comes ____?
Answer: before ninety five comes ninety six .

Done
Accuracy: 0.36
Finished test.

Now: Fri Oct 17 22:47:00 UTC 2014

**************************

yes
