PRISM 2.2 alpha 1, (C) Sato Lab, Tokyo Institute of Technology, September, 2014
B-Prolog Version 7.8b1, All rights reserved, (C) Afany Software 1994-2012.

This edition of B-Prolog is for evaluation, learning, and non-profit
research purposes only, and a license is needed for any other uses.
Please visit http://www.probp.com/license.htm for the detail.

** Warning: singleton variables (srs.psm, 64-66): Predications
** Warning: singleton variables (srs.psm, 74-79): K
** Warning: Variable _ is treated as global in foreach (99-103).
** Warning: Variable _ is treated as global in foreach (99-103).
** Warning: Variable SaveDir is treated as global in list_comprehension (122-135).
** Warning: singleton variables (srs.psm, 122-135): NEx_a,Rep_a,NPred_a,FileName
** Warning: singleton variables (srs.psm, 149-163): Results
** Warning: singleton variables (srs.psm, 172-182): NPred,SysFileName,FileName,Gs,Results,PrismFlags,LearnStatistics,SwitchVBInfo,SwitchesPruned
** Warning: singleton variables (srs.psm, 184-194): NEx,SysFileName,FileName,Gs,Results,PrismFlags,LearnStatistics,SwitchVBInfo,SwitchesPruned
** Warning: singleton variables (srs.psm, 196-206): NEx,NPred,SysFileName,FileName,Gs,PrismFlags,LearnStatistics,SwitchVBInfo,SwitchesPruned
** Warning: Variable V is treated as global in foreach (216-225).
loading::srs.psm.out
Compiling::analyzeNumber.psm
** Warning: singleton variables (analyzeNumber.psm, 1-2): I,Cs
** Warning: singleton variables (analyzeNumber.psm, 17-26): Predictions
** Warning: singleton variables (analyzeNumber.psm, 31-39): Post
** Warning: singleton variables (analyzeNumber.psm, 44-51): A
** Warning: singleton variables (analyzeNumber.psm, 60-60): Rest
compiled in 4 milliseconds
loading::analyzeNumber.psm.out
Compiling::testTrain.psm
** Warning: singleton variables (testTrain.psm, 33-33): X
** Warning: singleton variables (testTrain.psm, 45-45): Values,Dist
** Warning: singleton variables (testTrain.psm, 50-50): Lo,Hi
** Warning: singleton variables (testTrain.psm, 55-55): P
** Warning: singleton variables (testTrain.psm, 65-65): P,Lo,Hi,W
** Warning: singleton variables (testTrain.psm, 73-74): V
** Warning: singleton variables (testTrain.psm, 76-76): V
compiled in 4 milliseconds
loading::testTrain.psm.out
consulting::allExamples.pl
**********************

Running srs.psm:prism_main with parameters: 
Num Examples: 100
Rep: 6
Num Predicates4
Save In: data/overnight
Now: Sat Oct 18 04:22:54 UTC 2014

**********************

data/overnightrunOutput_nEx_100_nPred_4_rep_6
loading::beforeAndAfter_4.sys.psm.out
#goals: 0..(30)
Exporting switch information to the EM routine ... done
#vbem-iters: 0.(18) (Converged: -795.246742604)
Statistics on learning:
        Graph size: 18846509
        Number of switches: 5
        Number of switch instances: 2869
        Number of iterations: 18
        Final variational free energy: -795.246742604
        Total learning time: 140.096 seconds
        Explanation search time: 90.016 seconds
        Total table space used: 1644014936 bytes
Type show_sw_a/show_sw_d to show the probability distributions.
Pruned ineffective rules...Done.
Testing Accuracy...Question: after twenty comes ____?
Answer: after twenty comes twenty .

Question: after forty five comes ____?
Answer: after forty five comes forty six .

Question: after forty seven comes ____?
Answer: after forty seven comes forty six .

Question: after forty nine comes ____?
Answer: after forty nine comes two eight .

Question: after fifty nine comes ____?
Answer: after fifty nine comes fifty .

Question: after sixty one comes ____?
Answer: after sixty one comes two sixty .

Question: after sixty three comes ____?
Answer: after sixty three comes before comes .

Question: after sixty four comes ____?
Answer: after sixty four comes after sixty .

Question: after sixty five comes ____?
Answer: after sixty five comes before six .

Question: after sixty nine comes ____?
Answer: after sixty nine comes ten sixty .

Question: after seventy three comes ____?
Answer: after seventy three comes two comes .

Question: after seventy nine comes ____?
Answer: after seventy nine comes two eight .

Question: after ninety five comes ____?
Answer: after ninety five comes ninety six .

Question: before twenty three comes ____?
Answer: before twenty three comes twenty comes .

Question: before thirty comes ____?
Answer: before thirty comes after .

Question: before thirty eight comes ____?
Answer: before thirty eight comes after seven .

Question: before forty one comes ____?
Answer: before forty one comes forty comes .

Question: before fifty three comes ____?
Answer: before fifty three comes comes fifty .

Question: before sixty eight comes ____?
Answer: before sixty eight comes three seven .

Question: before seventy two comes ____?
Answer: before seventy two comes two one .

Question: before seventy three comes ____?
Answer: before seventy three comes two comes .

Question: before eighty five comes ____?
Answer: before eighty five comes eighty six .

Question: before ninety two comes ____?
Answer: before ninety two comes ninety one .

Question: before ninety three comes ____?
Answer: before ninety three comes ninety .

Question: before ninety five comes ____?
Answer: before ninety five comes ninety six .

Done
Accuracy: 0.12
Finished test.

Now: Sat Oct 18 04:26:46 UTC 2014

**************************

yes
